  1.c
D:\c언어\Project2\1.c(767,21): warning C4244: '함수': 'time_t'에서 'unsigned int'(으)로 변환하면서 데이터가 손실될 수 있습니다.
D:\c언어\Project2\1.c(770,38): warning C4013: 'See_Video'이(가) 정의되지 않았습니다. extern은 int형을 반환하는 것으로 간주합니다.
D:\c언어\Project2\1.c(771,12): warning C4477: 'printf' : 서식 문자열 '%d'에 'int' 형식의 인수가 필요하지만 variadic 인수 1의 형식이 'video'입니다.
D:\c언어\Project2\1.c(831,13): warning C4473: 'scanf_s': 서식 문자열에 대한 인수가 충분하게 전달되지 않았습니다.
D:\c언어\Project2\1.c(831,13): message : 자리 표시자 및 해당 매개 변수에는 variadic 인수가 2개 필요하지만 1개가 제공되었습니다.
D:\c언어\Project2\1.c(831,13): message : 누락된 variadic 인수 2이(가) 서식 문자열 '%c'에 필요합니다.
D:\c언어\Project2\1.c(831,13): message : 이 인수는 버퍼 크기로 사용됩니다.
D:\c언어\Project2\1.c(855,21): warning C4473: 'scanf_s': 서식 문자열에 대한 인수가 충분하게 전달되지 않았습니다.
D:\c언어\Project2\1.c(855,21): message : 자리 표시자 및 해당 매개 변수에는 variadic 인수가 2개 필요하지만 1개가 제공되었습니다.
D:\c언어\Project2\1.c(855,21): message : 누락된 variadic 인수 2이(가) 서식 문자열 '%c'에 필요합니다.
D:\c언어\Project2\1.c(855,21): message : 이 인수는 버퍼 크기로 사용됩니다.
D:\c언어\Project2\1.c(887,21): warning C4473: 'scanf_s': 서식 문자열에 대한 인수가 충분하게 전달되지 않았습니다.
D:\c언어\Project2\1.c(887,21): message : 자리 표시자 및 해당 매개 변수에는 variadic 인수가 2개 필요하지만 1개가 제공되었습니다.
D:\c언어\Project2\1.c(887,21): message : 누락된 variadic 인수 2이(가) 서식 문자열 '%c'에 필요합니다.
D:\c언어\Project2\1.c(887,21): message : 이 인수는 버퍼 크기로 사용됩니다.
D:\c언어\Project2\1.c(918,21): warning C4473: 'scanf_s': 서식 문자열에 대한 인수가 충분하게 전달되지 않았습니다.
D:\c언어\Project2\1.c(918,21): message : 자리 표시자 및 해당 매개 변수에는 variadic 인수가 2개 필요하지만 1개가 제공되었습니다.
D:\c언어\Project2\1.c(918,21): message : 누락된 variadic 인수 2이(가) 서식 문자열 '%c'에 필요합니다.
D:\c언어\Project2\1.c(918,21): message : 이 인수는 버퍼 크기로 사용됩니다.
D:\c언어\Project2\1.c(1700,39): warning C4244: '=': 'double'에서 'int'(으)로 변환하면서 데이터가 손실될 수 있습니다.
D:\c언어\Project2\1.c(1703,39): warning C4244: '=': 'double'에서 'int'(으)로 변환하면서 데이터가 손실될 수 있습니다.
D:\c언어\Project2\1.c(1712,39): warning C4244: '=': 'double'에서 'int'(으)로 변환하면서 데이터가 손실될 수 있습니다.
D:\c언어\Project2\1.c(752): warning C4715: 'Day1choice': 모든 제어 경로에서 값을 반환하지는 않습니다.
  Project2.vcxproj -> D:\c언어\Project2\Debug\Project2.exe
